2022-01-10 16:14:32,061 INFO notifyConnectTimeout:200

2022-01-10 16:14:32,115 INFO notifySocketTimeout:8000

2022-01-10 16:14:32,115 INFO isHealthCheck:true

2022-01-10 16:14:32,116 INFO maxHealthCheckFailCount:12

2022-01-10 16:14:32,116 INFO maxContent:10485760

2022-01-10 16:14:56,654 INFO use local db service for init

2022-01-10 16:14:59,078 WARN Lexical error at line 4, column 66.  Encountered: <EOF> after : "".

2022-01-10 16:14:59,104 WARN Syntax error: Encountered "*" at line 1, column 1.

2022-01-10 16:14:59,220 WARN Table/View 'CONFIG_INFO' already exists in Schema 'NACOS'.

2022-01-10 16:14:59,386 WARN Table/View 'HIS_CONFIG_INFO' already exists in Schema 'NACOS'.

2022-01-10 16:14:59,464 WARN Table/View 'CONFIG_INFO_BETA' already exists in Schema 'NACOS'.

2022-01-10 16:14:59,528 WARN Table/View 'CONFIG_INFO_TAG' already exists in Schema 'NACOS'.

2022-01-10 16:14:59,604 WARN Table/View 'CONFIG_INFO_AGGR' already exists in Schema 'NACOS'.

2022-01-10 16:14:59,670 WARN Table/View 'APP_LIST' already exists in Schema 'NACOS'.

2022-01-10 16:14:59,736 WARN Table/View 'APP_CONFIGDATA_RELATION_SUBS' already exists in Schema 'NACOS'.

2022-01-10 16:14:59,803 WARN Table/View 'APP_CONFIGDATA_RELATION_PUBS' already exists in Schema 'NACOS'.

2022-01-10 16:14:59,874 WARN Table/View 'CONFIG_TAGS_RELATION' already exists in Schema 'NACOS'.

2022-01-10 16:14:59,955 WARN Table/View 'GROUP_CAPACITY' already exists in Schema 'NACOS'.

2022-01-10 16:15:00,030 WARN Table/View 'TENANT_CAPACITY' already exists in Schema 'NACOS'.

2022-01-10 16:15:00,102 WARN Table/View 'TENANT_INFO' already exists in Schema 'NACOS'.

2022-01-10 16:15:00,172 WARN Table/View 'USERS' already exists in Schema 'NACOS'.

2022-01-10 16:15:00,244 WARN Table/View 'ROLES' already exists in Schema 'NACOS'.

2022-01-10 16:15:00,302 WARN Table/View 'PERMISSIONS' already exists in Schema 'NACOS'.

2022-01-10 16:15:00,440 WARN The statement was aborted because it would have caused a duplicate key value in a unique or primary key constraint or unique index identified by 'SQL211021143724220' defined on 'USERS'.

2022-01-10 16:15:00,460 WARN The statement was aborted because it would have caused a duplicate key value in a unique or primary key constraint or unique index identified by 'UK_USERNAME_ROLE' defined on 'ROLES'.

2022-01-10 16:15:00,461 WARN Lexical error at line 4, column 13.  Encountered: "`" (96), after : "".

2022-01-10 16:15:00,461 WARN Lexical error at line 1, column 13.  Encountered: "`" (96), after : "".

2022-01-10 16:15:00,462 WARN Lexical error at line 1, column 13.  Encountered: "`" (96), after : "".

2022-01-10 16:15:00,462 WARN Lexical error at line 1, column 13.  Encountered: "`" (96), after : "".

2022-01-10 16:15:00,462 INFO use StandaloneDatabaseOperateImpl

2022-01-10 16:15:02,735 WARN DumpService start

2022-01-10 16:15:02,746 INFO start clear all config-info.

2022-01-10 16:15:02,747 WARN clear all config-info failed.

2022-01-10 16:15:02,747 WARN clear all config-info-tenant failed.

2022-01-10 16:15:02,863 INFO start clear all config-info-beta.

2022-01-10 16:15:02,863 WARN clear all config-info-beta failed.

2022-01-10 16:15:02,863 WARN clear all config-info-beta-tenant failed.

2022-01-10 16:15:02,890 INFO start clear all config-info-tag.

2022-01-10 16:15:02,891 WARN clear all config-info-tag failed.

2022-01-10 16:15:02,891 WARN clear all config-info-tag-tenant failed.

