2022-01-11 15:31:42,359 INFO [long-pulling] client count 0

2022-01-11 15:31:52,341 INFO toNotifyTaskSize = 0

2022-01-11 15:31:52,344 INFO toClientNotifyTaskSize = 0

2022-01-11 15:31:52,351 INFO groupCount = 0, subscriberClientCount = 0, subscriberCount = 0

2022-01-11 15:31:52,372 INFO [long-pulling] client count 0

2022-01-11 15:32:02,345 INFO toNotifyTaskSize = 0

2022-01-11 15:32:02,345 INFO toClientNotifyTaskSize = 0

2022-01-11 15:32:02,359 INFO groupCount = 0, subscriberClientCount = 0, subscriberCount = 0

2022-01-11 15:32:02,375 INFO [long-pulling] client count 0

2022-01-11 15:32:12,348 INFO toNotifyTaskSize = 0

2022-01-11 15:32:12,348 INFO toClientNotifyTaskSize = 0

2022-01-11 15:32:12,364 INFO groupCount = 0, subscriberClientCount = 0, subscriberCount = 0

2022-01-11 15:32:12,379 INFO [long-pulling] client count 0

2022-01-11 15:32:22,355 INFO toNotifyTaskSize = 0

2022-01-11 15:32:22,355 INFO toClientNotifyTaskSize = 0

2022-01-11 15:32:22,371 INFO groupCount = 0, subscriberClientCount = 0, subscriberCount = 0

2022-01-11 15:32:22,387 INFO [long-pulling] client count 0

2022-01-11 15:32:32,367 INFO toNotifyTaskSize = 0

2022-01-11 15:32:32,368 INFO toClientNotifyTaskSize = 0

2022-01-11 15:32:32,383 INFO groupCount = 0, subscriberClientCount = 0, subscriberCount = 0

2022-01-11 15:32:32,398 INFO [long-pulling] client count 0

2022-01-11 15:32:42,374 INFO toNotifyTaskSize = 0

2022-01-11 15:32:42,375 INFO toClientNotifyTaskSize = 0

2022-01-11 15:32:42,389 INFO groupCount = 0, subscriberClientCount = 0, subscriberCount = 0

2022-01-11 15:32:42,405 INFO [long-pulling] client count 0

2022-01-11 15:32:52,383 INFO toNotifyTaskSize = 0

2022-01-11 15:32:52,384 INFO toClientNotifyTaskSize = 0

2022-01-11 15:32:52,398 INFO groupCount = 0, subscriberClientCount = 0, subscriberCount = 0

2022-01-11 15:32:52,415 INFO [long-pulling] client count 0

2022-01-11 15:33:02,391 INFO toNotifyTaskSize = 0

2022-01-11 15:33:02,392 INFO toClientNotifyTaskSize = 0

2022-01-11 15:33:02,407 INFO groupCount = 0, subscriberClientCount = 0, subscriberCount = 0

2022-01-11 15:33:02,423 INFO [long-pulling] client count 0

2022-01-11 15:33:12,393 INFO toNotifyTaskSize = 0

2022-01-11 15:33:12,394 INFO toClientNotifyTaskSize = 0

2022-01-11 15:33:12,410 INFO groupCount = 0, subscriberClientCount = 0, subscriberCount = 0

2022-01-11 15:33:12,426 INFO [long-pulling] client count 0

2022-01-11 15:33:22,407 INFO toNotifyTaskSize = 0

2022-01-11 15:33:22,407 INFO toClientNotifyTaskSize = 0

2022-01-11 15:33:22,423 INFO groupCount = 0, subscriberClientCount = 0, subscriberCount = 0

2022-01-11 15:33:22,440 INFO [long-pulling] client count 0

2022-01-11 15:33:32,413 INFO toNotifyTaskSize = 0

2022-01-11 15:33:32,413 INFO toClientNotifyTaskSize = 0

2022-01-11 15:33:32,429 INFO groupCount = 0, subscriberClientCount = 0, subscriberCount = 0

2022-01-11 15:33:32,448 INFO [long-pulling] client count 0

2022-01-11 15:33:42,414 INFO toNotifyTaskSize = 0

2022-01-11 15:33:42,414 INFO toClientNotifyTaskSize = 0

2022-01-11 15:33:42,444 INFO groupCount = 0, subscriberClientCount = 0, subscriberCount = 0

2022-01-11 15:33:42,460 INFO [long-pulling] client count 0

2022-01-11 15:33:52,429 INFO toNotifyTaskSize = 0

2022-01-11 15:33:52,429 INFO toClientNotifyTaskSize = 0

2022-01-11 15:33:52,445 INFO groupCount = 0, subscriberClientCount = 0, subscriberCount = 0

2022-01-11 15:33:52,461 INFO [long-pulling] client count 0

2022-01-11 15:34:02,437 INFO toNotifyTaskSize = 0

2022-01-11 15:34:02,438 INFO toClientNotifyTaskSize = 0

2022-01-11 15:34:02,452 INFO groupCount = 0, subscriberClientCount = 0, subscriberCount = 0

2022-01-11 15:34:02,468 INFO [long-pulling] client count 0

2022-01-11 15:34:12,443 INFO toNotifyTaskSize = 0

2022-01-11 15:34:12,444 INFO toClientNotifyTaskSize = 0

2022-01-11 15:34:12,459 INFO groupCount = 0, subscriberClientCount = 0, subscriberCount = 0

2022-01-11 15:34:12,474 INFO [long-pulling] client count 0

2022-01-11 15:34:22,447 INFO toNotifyTaskSize = 0

2022-01-11 15:34:22,448 INFO toClientNotifyTaskSize = 0

2022-01-11 15:34:22,463 INFO groupCount = 0, subscriberClientCount = 0, subscriberCount = 0

2022-01-11 15:34:22,477 INFO [long-pulling] client count 0

2022-01-11 15:34:32,462 INFO toNotifyTaskSize = 0

2022-01-11 15:34:32,462 INFO toClientNotifyTaskSize = 0

2022-01-11 15:34:32,477 INFO groupCount = 0, subscriberClientCount = 0, subscriberCount = 0

2022-01-11 15:34:32,492 INFO [long-pulling] client count 0

2022-01-11 15:34:42,474 INFO toNotifyTaskSize = 0

2022-01-11 15:34:42,474 INFO toClientNotifyTaskSize = 0

2022-01-11 15:34:42,489 INFO groupCount = 0, subscriberClientCount = 0, subscriberCount = 0

2022-01-11 15:34:42,505 INFO [long-pulling] client count 0

2022-01-11 15:34:52,480 INFO toNotifyTaskSize = 0

2022-01-11 15:34:52,481 INFO toClientNotifyTaskSize = 0

2022-01-11 15:34:52,496 INFO groupCount = 0, subscriberClientCount = 0, subscriberCount = 0

2022-01-11 15:34:52,512 INFO [long-pulling] client count 0

2022-01-11 15:35:02,493 INFO toNotifyTaskSize = 0

2022-01-11 15:35:02,493 INFO toClientNotifyTaskSize = 0

2022-01-11 15:35:02,508 INFO groupCount = 0, subscriberClientCount = 0, subscriberCount = 0

2022-01-11 15:35:02,524 INFO [long-pulling] client count 0

2022-01-11 15:35:12,505 INFO toNotifyTaskSize = 0

2022-01-11 15:35:12,505 INFO toClientNotifyTaskSize = 0

2022-01-11 15:35:12,521 INFO groupCount = 0, subscriberClientCount = 0, subscriberCount = 0

2022-01-11 15:35:12,536 INFO [long-pulling] client count 0

2022-01-11 15:35:22,516 INFO toNotifyTaskSize = 0

2022-01-11 15:35:22,516 INFO toClientNotifyTaskSize = 0

2022-01-11 15:35:22,532 INFO groupCount = 0, subscriberClientCount = 0, subscriberCount = 0

2022-01-11 15:35:22,548 INFO [long-pulling] client count 0

2022-01-11 15:35:32,530 INFO toNotifyTaskSize = 0

2022-01-11 15:35:32,530 INFO toClientNotifyTaskSize = 0

2022-01-11 15:35:32,544 INFO groupCount = 0, subscriberClientCount = 0, subscriberCount = 0

2022-01-11 15:35:32,560 INFO [long-pulling] client count 0

2022-01-11 15:35:42,533 INFO toNotifyTaskSize = 0

2022-01-11 15:35:42,534 INFO toClientNotifyTaskSize = 0

2022-01-11 15:35:42,561 INFO groupCount = 0, subscriberClientCount = 0, subscriberCount = 0

2022-01-11 15:35:42,564 INFO [long-pulling] client count 0

2022-01-11 15:35:52,538 INFO toNotifyTaskSize = 0

2022-01-11 15:35:52,538 INFO toClientNotifyTaskSize = 0

2022-01-11 15:35:52,569 INFO [long-pulling] client count 0

2022-01-11 15:35:52,569 INFO groupCount = 0, subscriberClientCount = 0, subscriberCount = 0

2022-01-11 15:36:02,544 INFO toNotifyTaskSize = 0

2022-01-11 15:36:02,544 INFO toClientNotifyTaskSize = 0

2022-01-11 15:36:02,576 INFO [long-pulling] client count 0

2022-01-11 15:36:02,576 INFO groupCount = 0, subscriberClientCount = 0, subscriberCount = 0

2022-01-11 15:36:12,560 INFO toNotifyTaskSize = 0

2022-01-11 15:36:12,560 INFO toClientNotifyTaskSize = 0

2022-01-11 15:36:12,591 INFO groupCount = 0, subscriberClientCount = 0, subscriberCount = 0

2022-01-11 15:36:12,591 INFO [long-pulling] client count 0

2022-01-11 15:36:22,574 INFO toNotifyTaskSize = 0

2022-01-11 15:36:22,574 INFO toClientNotifyTaskSize = 0

2022-01-11 15:36:22,606 INFO groupCount = 0, subscriberClientCount = 0, subscriberCount = 0

2022-01-11 15:36:22,606 INFO [long-pulling] client count 0

2022-01-11 15:36:32,587 INFO toNotifyTaskSize = 0

2022-01-11 15:36:32,588 INFO toClientNotifyTaskSize = 0

2022-01-11 15:36:32,618 INFO [long-pulling] client count 0

2022-01-11 15:36:32,619 INFO groupCount = 0, subscriberClientCount = 0, subscriberCount = 0

2022-01-11 15:36:42,593 INFO toNotifyTaskSize = 0

2022-01-11 15:36:42,593 INFO toClientNotifyTaskSize = 0

2022-01-11 15:36:42,623 INFO [long-pulling] client count 0

2022-01-11 15:36:42,623 INFO groupCount = 0, subscriberClientCount = 0, subscriberCount = 0

2022-01-11 15:36:52,605 INFO toNotifyTaskSize = 0

2022-01-11 15:36:52,605 INFO toClientNotifyTaskSize = 0

2022-01-11 15:36:52,636 INFO [long-pulling] client count 0

2022-01-11 15:36:52,636 INFO groupCount = 0, subscriberClientCount = 0, subscriberCount = 0

2022-01-11 15:37:02,609 INFO toNotifyTaskSize = 0

2022-01-11 15:37:02,609 INFO toClientNotifyTaskSize = 0

2022-01-11 15:37:02,641 INFO [long-pulling] client count 0

2022-01-11 15:37:02,641 INFO groupCount = 0, subscriberClientCount = 0, subscriberCount = 0

2022-01-11 15:37:12,616 INFO toNotifyTaskSize = 0

2022-01-11 15:37:12,616 INFO toClientNotifyTaskSize = 0

2022-01-11 15:37:12,647 INFO groupCount = 0, subscriberClientCount = 0, subscriberCount = 0

2022-01-11 15:37:12,647 INFO [long-pulling] client count 0

2022-01-11 15:37:22,627 INFO toNotifyTaskSize = 0

2022-01-11 15:37:22,627 INFO toClientNotifyTaskSize = 0

2022-01-11 15:37:22,656 INFO [long-pulling] client count 0

2022-01-11 15:37:22,656 INFO groupCount = 0, subscriberClientCount = 0, subscriberCount = 0

2022-01-11 15:37:32,639 INFO toNotifyTaskSize = 0

2022-01-11 15:37:32,640 INFO toClientNotifyTaskSize = 0

2022-01-11 15:37:32,671 INFO groupCount = 0, subscriberClientCount = 0, subscriberCount = 0

2022-01-11 15:37:32,671 INFO [long-pulling] client count 0

2022-01-11 15:37:42,652 INFO toNotifyTaskSize = 0

2022-01-11 15:37:42,652 INFO toClientNotifyTaskSize = 0

2022-01-11 15:37:42,683 INFO groupCount = 0, subscriberClientCount = 0, subscriberCount = 0

2022-01-11 15:37:42,683 INFO [long-pulling] client count 0

2022-01-11 15:37:52,662 INFO toNotifyTaskSize = 0

2022-01-11 15:37:52,662 INFO toClientNotifyTaskSize = 0

2022-01-11 15:37:52,693 INFO groupCount = 0, subscriberClientCount = 0, subscriberCount = 0

2022-01-11 15:37:52,693 INFO [long-pulling] client count 0

2022-01-11 15:38:02,677 INFO toNotifyTaskSize = 0

2022-01-11 15:38:02,677 INFO toClientNotifyTaskSize = 0

2022-01-11 15:38:02,693 INFO groupCount = 0, subscriberClientCount = 0, subscriberCount = 0

2022-01-11 15:38:02,693 INFO [long-pulling] client count 0

2022-01-11 15:38:12,691 INFO toNotifyTaskSize = 0

2022-01-11 15:38:12,692 INFO toClientNotifyTaskSize = 0

2022-01-11 15:38:12,707 INFO groupCount = 0, subscriberClientCount = 0, subscriberCount = 0

2022-01-11 15:38:12,707 INFO [long-pulling] client count 0

2022-01-11 15:38:22,700 INFO toNotifyTaskSize = 0

2022-01-11 15:38:22,700 INFO toClientNotifyTaskSize = 0

2022-01-11 15:38:22,716 INFO groupCount = 0, subscriberClientCount = 0, subscriberCount = 0

2022-01-11 15:38:22,717 INFO [long-pulling] client count 0

2022-01-11 15:38:32,711 INFO toNotifyTaskSize = 0

2022-01-11 15:38:32,711 INFO toClientNotifyTaskSize = 0

2022-01-11 15:38:32,726 INFO groupCount = 0, subscriberClientCount = 0, subscriberCount = 0

2022-01-11 15:38:32,726 INFO [long-pulling] client count 0

2022-01-11 15:38:42,723 INFO toNotifyTaskSize = 0

2022-01-11 15:38:42,723 INFO toClientNotifyTaskSize = 0

2022-01-11 15:38:42,737 INFO groupCount = 0, subscriberClientCount = 0, subscriberCount = 0

2022-01-11 15:38:42,738 INFO [long-pulling] client count 0

2022-01-11 15:38:52,724 INFO toNotifyTaskSize = 0

2022-01-11 15:38:52,724 INFO toClientNotifyTaskSize = 0

2022-01-11 15:38:52,740 INFO groupCount = 0, subscriberClientCount = 0, subscriberCount = 0

2022-01-11 15:38:52,740 INFO [long-pulling] client count 0

2022-01-11 15:39:02,733 INFO toNotifyTaskSize = 0

2022-01-11 15:39:02,733 INFO toClientNotifyTaskSize = 0

2022-01-11 15:39:02,748 INFO groupCount = 0, subscriberClientCount = 0, subscriberCount = 0

2022-01-11 15:39:02,748 INFO [long-pulling] client count 0

2022-01-11 15:39:12,745 INFO toNotifyTaskSize = 0

2022-01-11 15:39:12,745 INFO toClientNotifyTaskSize = 0

2022-01-11 15:39:12,761 INFO groupCount = 0, subscriberClientCount = 0, subscriberCount = 0

2022-01-11 15:39:12,761 INFO [long-pulling] client count 0

2022-01-11 15:39:22,758 INFO toNotifyTaskSize = 0

2022-01-11 15:39:22,758 INFO toClientNotifyTaskSize = 0

2022-01-11 15:39:22,773 INFO groupCount = 0, subscriberClientCount = 0, subscriberCount = 0

2022-01-11 15:39:22,773 INFO [long-pulling] client count 0

2022-01-11 15:39:32,761 INFO toNotifyTaskSize = 0

2022-01-11 15:39:32,762 INFO toClientNotifyTaskSize = 0

2022-01-11 15:39:32,777 INFO groupCount = 0, subscriberClientCount = 0, subscriberCount = 0

2022-01-11 15:39:32,778 INFO [long-pulling] client count 0

2022-01-11 15:39:42,774 INFO toNotifyTaskSize = 0

2022-01-11 15:39:42,775 INFO toClientNotifyTaskSize = 0

2022-01-11 15:39:42,790 INFO [long-pulling] client count 0

2022-01-11 15:39:42,790 INFO groupCount = 0, subscriberClientCount = 0, subscriberCount = 0

2022-01-11 15:39:52,781 INFO toNotifyTaskSize = 0

2022-01-11 15:39:52,782 INFO toClientNotifyTaskSize = 0

2022-01-11 15:39:52,797 INFO groupCount = 0, subscriberClientCount = 0, subscriberCount = 0

2022-01-11 15:39:52,797 INFO [long-pulling] client count 0

2022-01-11 15:40:02,793 INFO toNotifyTaskSize = 0

2022-01-11 15:40:02,793 INFO toClientNotifyTaskSize = 0

2022-01-11 15:40:02,809 INFO groupCount = 0, subscriberClientCount = 0, subscriberCount = 0

2022-01-11 15:40:02,809 INFO [long-pulling] client count 0

2022-01-11 15:40:12,799 INFO toNotifyTaskSize = 0

2022-01-11 15:40:12,799 INFO toClientNotifyTaskSize = 0

2022-01-11 15:40:12,814 INFO groupCount = 0, subscriberClientCount = 0, subscriberCount = 0

2022-01-11 15:40:12,814 INFO [long-pulling] client count 0

2022-01-11 15:40:22,801 INFO toNotifyTaskSize = 0

2022-01-11 15:40:22,802 INFO toClientNotifyTaskSize = 0

2022-01-11 15:40:22,817 INFO groupCount = 0, subscriberClientCount = 0, subscriberCount = 0

2022-01-11 15:40:22,817 INFO [long-pulling] client count 0

2022-01-11 15:40:32,805 INFO toNotifyTaskSize = 0

2022-01-11 15:40:32,806 INFO toClientNotifyTaskSize = 0

2022-01-11 15:40:32,823 INFO groupCount = 0, subscriberClientCount = 0, subscriberCount = 0

2022-01-11 15:40:32,823 INFO [long-pulling] client count 0

2022-01-11 15:40:42,816 INFO toNotifyTaskSize = 0

2022-01-11 15:40:42,816 INFO toClientNotifyTaskSize = 0

2022-01-11 15:40:42,831 INFO groupCount = 0, subscriberClientCount = 0, subscriberCount = 0

2022-01-11 15:40:42,831 INFO [long-pulling] client count 0

2022-01-11 15:40:52,823 INFO toNotifyTaskSize = 0

2022-01-11 15:40:52,823 INFO toClientNotifyTaskSize = 0

2022-01-11 15:40:52,839 INFO groupCount = 0, subscriberClientCount = 0, subscriberCount = 0

2022-01-11 15:40:52,839 INFO [long-pulling] client count 0

2022-01-11 15:41:02,901 INFO groupCount = 0, subscriberClientCount = 0, subscriberCount = 0

2022-01-11 15:41:02,901 INFO toNotifyTaskSize = 0

2022-01-11 15:41:02,901 INFO toClientNotifyTaskSize = 0

2022-01-11 15:41:02,901 INFO [long-pulling] client count 0

2022-01-11 15:41:12,910 INFO [long-pulling] client count 0

2022-01-11 15:41:12,910 INFO groupCount = 0, subscriberClientCount = 0, subscriberCount = 0

2022-01-11 15:41:12,910 INFO toNotifyTaskSize = 0

2022-01-11 15:41:12,910 INFO toClientNotifyTaskSize = 0

2022-01-11 15:41:22,914 INFO groupCount = 0, subscriberClientCount = 0, subscriberCount = 0

2022-01-11 15:41:22,914 INFO toNotifyTaskSize = 0

2022-01-11 15:41:22,914 INFO [long-pulling] client count 0

2022-01-11 15:41:22,914 INFO toClientNotifyTaskSize = 0

2022-01-11 15:41:32,915 INFO groupCount = 0, subscriberClientCount = 0, subscriberCount = 0

2022-01-11 15:41:32,916 INFO toNotifyTaskSize = 0

2022-01-11 15:41:32,915 INFO [long-pulling] client count 0

2022-01-11 15:41:32,916 INFO toClientNotifyTaskSize = 0

2022-01-11 15:41:42,930 INFO toNotifyTaskSize = 0

2022-01-11 15:41:42,931 INFO toClientNotifyTaskSize = 0

2022-01-11 15:41:42,931 INFO groupCount = 0, subscriberClientCount = 0, subscriberCount = 0

2022-01-11 15:41:42,931 INFO [long-pulling] client count 0

2022-01-11 15:41:52,942 INFO groupCount = 0, subscriberClientCount = 0, subscriberCount = 0

2022-01-11 15:41:52,942 INFO toNotifyTaskSize = 0

2022-01-11 15:41:52,943 INFO toClientNotifyTaskSize = 0

2022-01-11 15:41:52,942 INFO [long-pulling] client count 0

2022-01-11 15:42:02,950 INFO toNotifyTaskSize = 0

2022-01-11 15:42:02,950 INFO groupCount = 0, subscriberClientCount = 0, subscriberCount = 0

2022-01-11 15:42:02,950 INFO toClientNotifyTaskSize = 0

2022-01-11 15:42:02,950 INFO [long-pulling] client count 0

2022-01-11 15:42:12,954 INFO [long-pulling] client count 0

2022-01-11 15:42:12,954 INFO toNotifyTaskSize = 0

2022-01-11 15:42:12,954 INFO groupCount = 0, subscriberClientCount = 0, subscriberCount = 0

2022-01-11 15:42:12,955 INFO toClientNotifyTaskSize = 0

2022-01-11 15:42:22,971 INFO [long-pulling] client count 0

2022-01-11 15:42:22,971 INFO toNotifyTaskSize = 0

2022-01-11 15:42:22,971 INFO toClientNotifyTaskSize = 0

2022-01-11 15:42:22,971 INFO groupCount = 0, subscriberClientCount = 0, subscriberCount = 0

2022-01-11 15:42:32,984 INFO groupCount = 0, subscriberClientCount = 0, subscriberCount = 0

2022-01-11 15:42:32,984 INFO [long-pulling] client count 0

2022-01-11 15:42:32,984 INFO toNotifyTaskSize = 0

2022-01-11 15:42:32,984 INFO toClientNotifyTaskSize = 0

2022-01-11 15:42:42,992 INFO [long-pulling] client count 0

2022-01-11 15:42:42,992 INFO toNotifyTaskSize = 0

2022-01-11 15:42:42,992 INFO groupCount = 0, subscriberClientCount = 0, subscriberCount = 0

2022-01-11 15:42:42,992 INFO toClientNotifyTaskSize = 0

2022-01-11 15:42:53,004 INFO toNotifyTaskSize = 0

2022-01-11 15:42:53,004 INFO groupCount = 0, subscriberClientCount = 0, subscriberCount = 0

2022-01-11 15:42:53,004 INFO [long-pulling] client count 0

2022-01-11 15:42:53,004 INFO toClientNotifyTaskSize = 0

2022-01-11 15:43:03,016 INFO toNotifyTaskSize = 0

2022-01-11 15:43:03,016 INFO toClientNotifyTaskSize = 0

2022-01-11 15:43:03,016 INFO groupCount = 0, subscriberClientCount = 0, subscriberCount = 0

2022-01-11 15:43:03,016 INFO [long-pulling] client count 0

2022-01-11 15:43:13,020 INFO [long-pulling] client count 0

2022-01-11 15:43:13,020 INFO toNotifyTaskSize = 0

2022-01-11 15:43:13,020 INFO groupCount = 0, subscriberClientCount = 0, subscriberCount = 0

2022-01-11 15:43:13,020 INFO toClientNotifyTaskSize = 0

2022-01-11 15:43:23,033 INFO toNotifyTaskSize = 0

2022-01-11 15:43:23,033 INFO [long-pulling] client count 0

2022-01-11 15:43:23,033 INFO toClientNotifyTaskSize = 0

2022-01-11 15:43:23,033 INFO groupCount = 0, subscriberClientCount = 0, subscriberCount = 0

2022-01-11 15:43:33,048 INFO groupCount = 0, subscriberClientCount = 0, subscriberCount = 0

2022-01-11 15:43:33,048 INFO toNotifyTaskSize = 0

2022-01-11 15:43:33,048 INFO [long-pulling] client count 0

2022-01-11 15:43:33,048 INFO toClientNotifyTaskSize = 0

2022-01-11 15:43:43,049 INFO [long-pulling] client count 0

2022-01-11 15:43:43,050 INFO toNotifyTaskSize = 0

2022-01-11 15:43:43,050 INFO toClientNotifyTaskSize = 0

2022-01-11 15:43:43,050 INFO groupCount = 0, subscriberClientCount = 0, subscriberCount = 0

2022-01-11 15:43:53,051 INFO groupCount = 0, subscriberClientCount = 0, subscriberCount = 0

2022-01-11 15:43:53,051 INFO toNotifyTaskSize = 0

2022-01-11 15:43:53,051 INFO [long-pulling] client count 0

2022-01-11 15:43:53,051 INFO toClientNotifyTaskSize = 0

2022-01-11 15:44:03,052 INFO toNotifyTaskSize = 0

2022-01-11 15:44:03,052 INFO toClientNotifyTaskSize = 0

2022-01-11 15:44:03,052 INFO groupCount = 0, subscriberClientCount = 0, subscriberCount = 0

2022-01-11 15:44:03,052 INFO [long-pulling] client count 0

2022-01-11 15:44:13,063 INFO groupCount = 0, subscriberClientCount = 0, subscriberCount = 0

2022-01-11 15:44:13,063 INFO [long-pulling] client count 0

2022-01-11 15:44:13,063 INFO toNotifyTaskSize = 0

2022-01-11 15:44:13,063 INFO toClientNotifyTaskSize = 0

2022-01-11 15:44:23,066 INFO [long-pulling] client count 0

2022-01-11 15:44:23,066 INFO groupCount = 0, subscriberClientCount = 0, subscriberCount = 0

2022-01-11 15:44:23,066 INFO toNotifyTaskSize = 0

2022-01-11 15:44:23,066 INFO toClientNotifyTaskSize = 0

2022-01-11 15:44:33,077 INFO toNotifyTaskSize = 0

2022-01-11 15:44:33,077 INFO toClientNotifyTaskSize = 0

2022-01-11 15:44:33,077 INFO groupCount = 0, subscriberClientCount = 0, subscriberCount = 0

2022-01-11 15:44:33,077 INFO [long-pulling] client count 0

2022-01-11 15:44:43,092 INFO [long-pulling] client count 0

2022-01-11 15:44:43,092 INFO toNotifyTaskSize = 0

2022-01-11 15:44:43,092 INFO groupCount = 0, subscriberClientCount = 0, subscriberCount = 0

2022-01-11 15:44:43,092 INFO toClientNotifyTaskSize = 0

2022-01-11 15:44:53,097 INFO [long-pulling] client count 0

2022-01-11 15:44:53,097 INFO groupCount = 0, subscriberClientCount = 0, subscriberCount = 0

2022-01-11 15:44:53,097 INFO toNotifyTaskSize = 0

2022-01-11 15:44:53,097 INFO toClientNotifyTaskSize = 0

2022-01-11 15:45:03,099 INFO toNotifyTaskSize = 0

2022-01-11 15:45:03,100 INFO [long-pulling] client count 0

2022-01-11 15:45:03,099 INFO groupCount = 0, subscriberClientCount = 0, subscriberCount = 0

2022-01-11 15:45:03,100 INFO toClientNotifyTaskSize = 0

2022-01-11 15:45:13,108 INFO toNotifyTaskSize = 0

2022-01-11 15:45:13,108 INFO groupCount = 0, subscriberClientCount = 0, subscriberCount = 0

2022-01-11 15:45:13,108 INFO [long-pulling] client count 0

2022-01-11 15:45:13,108 INFO toClientNotifyTaskSize = 0

2022-01-11 15:45:23,123 INFO [long-pulling] client count 0

2022-01-11 15:45:23,123 INFO groupCount = 0, subscriberClientCount = 0, subscriberCount = 0

2022-01-11 15:45:23,123 INFO toNotifyTaskSize = 0

2022-01-11 15:45:23,123 INFO toClientNotifyTaskSize = 0

2022-01-11 15:45:33,129 INFO toNotifyTaskSize = 0

2022-01-11 15:45:33,129 INFO groupCount = 0, subscriberClientCount = 0, subscriberCount = 0

2022-01-11 15:45:33,129 INFO [long-pulling] client count 0

2022-01-11 15:45:33,129 INFO toClientNotifyTaskSize = 0

2022-01-11 15:45:43,133 INFO toNotifyTaskSize = 0

2022-01-11 15:45:43,133 INFO [long-pulling] client count 0

2022-01-11 15:45:43,133 INFO groupCount = 0, subscriberClientCount = 0, subscriberCount = 0

2022-01-11 15:45:43,133 INFO toClientNotifyTaskSize = 0

2022-01-11 15:45:53,149 INFO toNotifyTaskSize = 0

2022-01-11 15:45:53,150 INFO toClientNotifyTaskSize = 0

2022-01-11 15:45:53,149 INFO groupCount = 0, subscriberClientCount = 0, subscriberCount = 0

2022-01-11 15:45:53,150 INFO [long-pulling] client count 0

2022-01-11 15:46:03,152 INFO groupCount = 0, subscriberClientCount = 0, subscriberCount = 0

2022-01-11 15:46:03,152 INFO [long-pulling] client count 0

2022-01-11 15:46:03,152 INFO toNotifyTaskSize = 0

2022-01-11 15:46:03,152 INFO toClientNotifyTaskSize = 0

2022-01-11 15:46:13,167 INFO toNotifyTaskSize = 0

2022-01-11 15:46:13,167 INFO [long-pulling] client count 0

2022-01-11 15:46:13,167 INFO groupCount = 0, subscriberClientCount = 0, subscriberCount = 0

2022-01-11 15:46:13,167 INFO toClientNotifyTaskSize = 0

2022-01-11 15:46:23,181 INFO toNotifyTaskSize = 0

2022-01-11 15:46:23,181 INFO [long-pulling] client count 0

2022-01-11 15:46:23,181 INFO groupCount = 0, subscriberClientCount = 0, subscriberCount = 0

2022-01-11 15:46:23,181 INFO toClientNotifyTaskSize = 0

2022-01-11 15:46:33,183 INFO toNotifyTaskSize = 0

2022-01-11 15:46:33,183 INFO [long-pulling] client count 0

2022-01-11 15:46:33,183 INFO toClientNotifyTaskSize = 0

2022-01-11 15:46:33,183 INFO groupCount = 0, subscriberClientCount = 0, subscriberCount = 0

2022-01-11 15:46:43,193 INFO toNotifyTaskSize = 0

2022-01-11 15:46:43,193 INFO groupCount = 0, subscriberClientCount = 0, subscriberCount = 0

2022-01-11 15:46:43,193 INFO [long-pulling] client count 0

2022-01-11 15:46:43,194 INFO toClientNotifyTaskSize = 0

2022-01-11 15:46:53,210 INFO toNotifyTaskSize = 0

2022-01-11 15:46:53,210 INFO [long-pulling] client count 0

2022-01-11 15:46:53,210 INFO groupCount = 0, subscriberClientCount = 0, subscriberCount = 0

2022-01-11 15:46:53,210 INFO toClientNotifyTaskSize = 0

2022-01-11 15:47:03,216 INFO [long-pulling] client count 0

2022-01-11 15:47:03,217 INFO toNotifyTaskSize = 0

2022-01-11 15:47:03,217 INFO groupCount = 0, subscriberClientCount = 0, subscriberCount = 0

2022-01-11 15:47:03,218 INFO toClientNotifyTaskSize = 0

2022-01-11 15:47:13,227 INFO toNotifyTaskSize = 0

2022-01-11 15:47:13,227 INFO groupCount = 0, subscriberClientCount = 0, subscriberCount = 0

2022-01-11 15:47:13,228 INFO toClientNotifyTaskSize = 0

2022-01-11 15:47:13,227 INFO [long-pulling] client count 0

2022-01-11 15:47:23,229 INFO [long-pulling] client count 0

2022-01-11 15:47:23,229 INFO toNotifyTaskSize = 0

2022-01-11 15:47:23,230 INFO toClientNotifyTaskSize = 0

2022-01-11 15:47:23,230 INFO groupCount = 0, subscriberClientCount = 0, subscriberCount = 0

2022-01-11 15:47:33,243 INFO toNotifyTaskSize = 0

2022-01-11 15:47:33,243 INFO groupCount = 0, subscriberClientCount = 0, subscriberCount = 0

2022-01-11 15:47:33,243 INFO toClientNotifyTaskSize = 0

2022-01-11 15:47:33,243 INFO [long-pulling] client count 0

2022-01-11 15:47:43,255 INFO toNotifyTaskSize = 0

2022-01-11 15:47:43,255 INFO groupCount = 0, subscriberClientCount = 0, subscriberCount = 0

2022-01-11 15:47:43,255 INFO toClientNotifyTaskSize = 0

2022-01-11 15:47:43,255 INFO [long-pulling] client count 0

2022-01-11 15:47:53,270 INFO [long-pulling] client count 0

2022-01-11 15:47:53,270 INFO toNotifyTaskSize = 0

2022-01-11 15:47:53,270 INFO groupCount = 0, subscriberClientCount = 0, subscriberCount = 0

2022-01-11 15:47:53,270 INFO toClientNotifyTaskSize = 0

2022-01-11 15:48:03,278 INFO [long-pulling] client count 0

2022-01-11 15:48:03,278 INFO toNotifyTaskSize = 0

2022-01-11 15:48:03,278 INFO groupCount = 0, subscriberClientCount = 0, subscriberCount = 0

2022-01-11 15:48:03,278 INFO toClientNotifyTaskSize = 0

2022-01-11 15:48:13,285 INFO toNotifyTaskSize = 0

2022-01-11 15:48:13,285 INFO groupCount = 0, subscriberClientCount = 0, subscriberCount = 0

2022-01-11 15:48:13,285 INFO toClientNotifyTaskSize = 0

2022-01-11 15:48:13,285 INFO [long-pulling] client count 0

2022-01-11 15:48:23,298 INFO toNotifyTaskSize = 0

2022-01-11 15:48:23,298 INFO groupCount = 0, subscriberClientCount = 0, subscriberCount = 0

2022-01-11 15:48:23,298 INFO [long-pulling] client count 0

2022-01-11 15:48:23,298 INFO toClientNotifyTaskSize = 0

2022-01-11 15:48:33,302 INFO [long-pulling] client count 0

2022-01-11 15:48:33,302 INFO toNotifyTaskSize = 0

2022-01-11 15:48:33,302 INFO toClientNotifyTaskSize = 0

2022-01-11 15:48:33,302 INFO groupCount = 0, subscriberClientCount = 0, subscriberCount = 0

2022-01-11 15:48:43,316 INFO groupCount = 0, subscriberClientCount = 0, subscriberCount = 0

2022-01-11 15:48:43,316 INFO [long-pulling] client count 0

2022-01-11 15:48:43,316 INFO toNotifyTaskSize = 0

2022-01-11 15:48:43,316 INFO toClientNotifyTaskSize = 0

2022-01-11 15:48:53,319 INFO [long-pulling] client count 0

2022-01-11 15:48:53,319 INFO toNotifyTaskSize = 0

2022-01-11 15:48:53,319 INFO groupCount = 0, subscriberClientCount = 0, subscriberCount = 0

2022-01-11 15:48:53,319 INFO toClientNotifyTaskSize = 0

2022-01-11 15:49:03,329 INFO toNotifyTaskSize = 0

2022-01-11 15:49:03,329 INFO [long-pulling] client count 0

2022-01-11 15:49:03,329 INFO toClientNotifyTaskSize = 0

2022-01-11 15:49:03,329 INFO groupCount = 0, subscriberClientCount = 0, subscriberCount = 0

2022-01-11 15:49:13,338 INFO toNotifyTaskSize = 0

2022-01-11 15:49:13,338 INFO groupCount = 0, subscriberClientCount = 0, subscriberCount = 0

2022-01-11 15:49:13,338 INFO toClientNotifyTaskSize = 0

2022-01-11 15:49:13,338 INFO [long-pulling] client count 0

2022-01-11 15:49:23,350 INFO [long-pulling] client count 0

2022-01-11 15:49:23,350 INFO toNotifyTaskSize = 0

2022-01-11 15:49:23,350 INFO groupCount = 0, subscriberClientCount = 0, subscriberCount = 0

2022-01-11 15:49:23,351 INFO toClientNotifyTaskSize = 0

2022-01-11 15:49:33,365 INFO toNotifyTaskSize = 0

2022-01-11 15:49:33,365 INFO toClientNotifyTaskSize = 0

2022-01-11 15:49:33,365 INFO groupCount = 0, subscriberClientCount = 0, subscriberCount = 0

2022-01-11 15:49:33,365 INFO [long-pulling] client count 0

2022-01-11 15:49:43,368 INFO toNotifyTaskSize = 0

2022-01-11 15:49:43,368 INFO groupCount = 0, subscriberClientCount = 0, subscriberCount = 0

2022-01-11 15:49:43,368 INFO [long-pulling] client count 0

2022-01-11 15:49:43,368 INFO toClientNotifyTaskSize = 0

2022-01-11 15:49:53,381 INFO [long-pulling] client count 0

2022-01-11 15:49:53,381 INFO toNotifyTaskSize = 0

2022-01-11 15:49:53,381 INFO toClientNotifyTaskSize = 0

2022-01-11 15:49:53,381 INFO groupCount = 0, subscriberClientCount = 0, subscriberCount = 0

2022-01-11 15:50:03,392 INFO toNotifyTaskSize = 0

2022-01-11 15:50:03,392 INFO groupCount = 0, subscriberClientCount = 0, subscriberCount = 0

2022-01-11 15:50:03,392 INFO [long-pulling] client count 0

2022-01-11 15:50:03,392 INFO toClientNotifyTaskSize = 0

2022-01-11 15:50:13,405 INFO toNotifyTaskSize = 0

2022-01-11 15:50:13,405 INFO [long-pulling] client count 0

2022-01-11 15:50:13,405 INFO toClientNotifyTaskSize = 0

2022-01-11 15:50:13,405 INFO groupCount = 0, subscriberClientCount = 0, subscriberCount = 0

2022-01-11 15:50:23,414 INFO [long-pulling] client count 0

2022-01-11 15:50:23,414 INFO toNotifyTaskSize = 0

2022-01-11 15:50:23,414 INFO groupCount = 0, subscriberClientCount = 0, subscriberCount = 0

2022-01-11 15:50:23,415 INFO toClientNotifyTaskSize = 0

2022-01-11 15:50:33,421 INFO toNotifyTaskSize = 0

2022-01-11 15:50:33,421 INFO toClientNotifyTaskSize = 0

2022-01-11 15:50:33,421 INFO groupCount = 0, subscriberClientCount = 0, subscriberCount = 0

2022-01-11 15:50:33,421 INFO [long-pulling] client count 0

2022-01-11 15:50:43,428 INFO groupCount = 0, subscriberClientCount = 0, subscriberCount = 0

2022-01-11 15:50:43,428 INFO [long-pulling] client count 0

2022-01-11 15:50:43,428 INFO toNotifyTaskSize = 0

2022-01-11 15:50:43,428 INFO toClientNotifyTaskSize = 0

2022-01-11 15:50:53,430 INFO toNotifyTaskSize = 0

2022-01-11 15:50:53,430 INFO toClientNotifyTaskSize = 0

2022-01-11 15:50:53,430 INFO [long-pulling] client count 0

2022-01-11 15:50:53,430 INFO groupCount = 0, subscriberClientCount = 0, subscriberCount = 0

2022-01-11 15:51:03,437 INFO groupCount = 0, subscriberClientCount = 0, subscriberCount = 0

2022-01-11 15:51:03,437 INFO toNotifyTaskSize = 0

2022-01-11 15:51:03,437 INFO toClientNotifyTaskSize = 0

2022-01-11 15:51:03,437 INFO [long-pulling] client count 0

2022-01-11 15:51:13,441 INFO [long-pulling] client count 0

2022-01-11 15:51:13,441 INFO toNotifyTaskSize = 0

2022-01-11 15:51:13,441 INFO groupCount = 0, subscriberClientCount = 0, subscriberCount = 0

2022-01-11 15:51:13,441 INFO toClientNotifyTaskSize = 0

2022-01-11 15:51:23,453 INFO toNotifyTaskSize = 0

2022-01-11 15:51:23,453 INFO toClientNotifyTaskSize = 0

2022-01-11 15:51:23,453 INFO groupCount = 0, subscriberClientCount = 0, subscriberCount = 0

2022-01-11 15:51:23,453 INFO [long-pulling] client count 0

2022-01-11 15:51:33,467 INFO [long-pulling] client count 0

2022-01-11 15:51:33,468 INFO toNotifyTaskSize = 0

2022-01-11 15:51:33,468 INFO groupCount = 0, subscriberClientCount = 0, subscriberCount = 0

2022-01-11 15:51:33,469 INFO toClientNotifyTaskSize = 0

2022-01-11 15:51:43,469 INFO [long-pulling] client count 0

2022-01-11 15:51:43,469 INFO toNotifyTaskSize = 0

2022-01-11 15:51:43,469 INFO groupCount = 0, subscriberClientCount = 0, subscriberCount = 0

2022-01-11 15:51:43,470 INFO toClientNotifyTaskSize = 0

2022-01-11 15:51:53,477 INFO toNotifyTaskSize = 0

2022-01-11 15:51:53,477 INFO toClientNotifyTaskSize = 0

2022-01-11 15:51:53,477 INFO [long-pulling] client count 0

2022-01-11 15:51:53,477 INFO groupCount = 0, subscriberClientCount = 0, subscriberCount = 0

2022-01-11 15:52:03,485 INFO [long-pulling] client count 0

2022-01-11 15:52:03,485 INFO toNotifyTaskSize = 0

2022-01-11 15:52:03,485 INFO groupCount = 0, subscriberClientCount = 0, subscriberCount = 0

2022-01-11 15:52:03,486 INFO toClientNotifyTaskSize = 0

2022-01-11 15:52:13,497 INFO groupCount = 0, subscriberClientCount = 0, subscriberCount = 0

2022-01-11 15:52:13,497 INFO [long-pulling] client count 0

2022-01-11 15:52:13,514 INFO toNotifyTaskSize = 0

2022-01-11 15:52:13,514 INFO toClientNotifyTaskSize = 0

2022-01-11 15:52:23,505 INFO [long-pulling] client count 0

2022-01-11 15:52:23,505 INFO groupCount = 0, subscriberClientCount = 0, subscriberCount = 0

2022-01-11 15:52:23,521 INFO toNotifyTaskSize = 0

2022-01-11 15:52:23,521 INFO toClientNotifyTaskSize = 0

2022-01-11 15:52:33,517 INFO groupCount = 0, subscriberClientCount = 0, subscriberCount = 0

2022-01-11 15:52:33,517 INFO [long-pulling] client count 0

2022-01-11 15:52:33,533 INFO toNotifyTaskSize = 0

2022-01-11 15:52:33,534 INFO toClientNotifyTaskSize = 0

2022-01-11 15:52:43,532 INFO [long-pulling] client count 0

2022-01-11 15:52:43,532 INFO groupCount = 0, subscriberClientCount = 0, subscriberCount = 0

2022-01-11 15:52:43,547 INFO toNotifyTaskSize = 0

2022-01-11 15:52:43,547 INFO toClientNotifyTaskSize = 0

2022-01-11 15:52:53,546 INFO [long-pulling] client count 0

2022-01-11 15:52:53,546 INFO groupCount = 0, subscriberClientCount = 0, subscriberCount = 0

2022-01-11 15:52:53,562 INFO toNotifyTaskSize = 0

2022-01-11 15:52:53,562 INFO toClientNotifyTaskSize = 0

2022-01-11 15:53:03,557 INFO groupCount = 0, subscriberClientCount = 0, subscriberCount = 0

2022-01-11 15:53:03,557 INFO [long-pulling] client count 0

2022-01-11 15:53:03,572 INFO toNotifyTaskSize = 0

2022-01-11 15:53:03,572 INFO toClientNotifyTaskSize = 0

2022-01-11 15:53:13,566 INFO groupCount = 0, subscriberClientCount = 0, subscriberCount = 0

2022-01-11 15:53:13,566 INFO [long-pulling] client count 0

2022-01-11 15:53:13,583 INFO toNotifyTaskSize = 0

2022-01-11 15:53:13,583 INFO toClientNotifyTaskSize = 0

2022-01-11 15:53:23,581 INFO groupCount = 0, subscriberClientCount = 0, subscriberCount = 0

2022-01-11 15:53:23,582 INFO [long-pulling] client count 0

2022-01-11 15:53:23,596 INFO toNotifyTaskSize = 0

2022-01-11 15:53:23,596 INFO toClientNotifyTaskSize = 0

2022-01-11 15:53:33,594 INFO [long-pulling] client count 0

2022-01-11 15:53:33,594 INFO groupCount = 0, subscriberClientCount = 0, subscriberCount = 0

2022-01-11 15:53:33,611 INFO toNotifyTaskSize = 0

2022-01-11 15:53:33,612 INFO toClientNotifyTaskSize = 0

2022-01-11 15:53:43,612 INFO [long-pulling] client count 0

2022-01-11 15:53:43,622 INFO toNotifyTaskSize = 0

2022-01-11 15:53:43,622 INFO toClientNotifyTaskSize = 0

2022-01-11 15:53:43,612 INFO groupCount = 0, subscriberClientCount = 0, subscriberCount = 0

2022-01-11 15:53:53,627 INFO [long-pulling] client count 0

2022-01-11 15:53:53,627 INFO toNotifyTaskSize = 0

2022-01-11 15:53:53,627 INFO toClientNotifyTaskSize = 0

2022-01-11 15:53:53,642 INFO groupCount = 0, subscriberClientCount = 0, subscriberCount = 0

2022-01-11 15:54:03,637 INFO [long-pulling] client count 0

2022-01-11 15:54:03,637 INFO toNotifyTaskSize = 0

2022-01-11 15:54:03,638 INFO toClientNotifyTaskSize = 0

2022-01-11 15:54:03,653 INFO groupCount = 0, subscriberClientCount = 0, subscriberCount = 0

2022-01-11 15:54:13,647 INFO toNotifyTaskSize = 0

2022-01-11 15:54:13,647 INFO [long-pulling] client count 0

2022-01-11 15:54:13,648 INFO toClientNotifyTaskSize = 0

2022-01-11 15:54:13,663 INFO groupCount = 0, subscriberClientCount = 0, subscriberCount = 0

2022-01-11 15:54:23,649 INFO toNotifyTaskSize = 0

2022-01-11 15:54:23,649 INFO toClientNotifyTaskSize = 0

2022-01-11 15:54:23,649 INFO [long-pulling] client count 0

2022-01-11 15:54:23,664 INFO groupCount = 0, subscriberClientCount = 0, subscriberCount = 0

2022-01-11 15:54:33,654 INFO [long-pulling] client count 0

2022-01-11 15:54:33,654 INFO toNotifyTaskSize = 0

2022-01-11 15:54:33,654 INFO toClientNotifyTaskSize = 0

2022-01-11 15:54:33,670 INFO groupCount = 0, subscriberClientCount = 0, subscriberCount = 0

2022-01-11 15:54:43,659 INFO [long-pulling] client count 0

2022-01-11 15:54:43,659 INFO toNotifyTaskSize = 0

2022-01-11 15:54:43,659 INFO toClientNotifyTaskSize = 0

2022-01-11 15:54:43,674 INFO groupCount = 0, subscriberClientCount = 0, subscriberCount = 0

2022-01-11 15:54:53,666 INFO toNotifyTaskSize = 0

2022-01-11 15:54:53,666 INFO toClientNotifyTaskSize = 0

2022-01-11 15:54:53,666 INFO [long-pulling] client count 0

2022-01-11 15:54:53,682 INFO groupCount = 0, subscriberClientCount = 0, subscriberCount = 0

2022-01-11 15:55:03,679 INFO [long-pulling] client count 0

2022-01-11 15:55:03,679 INFO toNotifyTaskSize = 0

2022-01-11 15:55:03,679 INFO toClientNotifyTaskSize = 0

2022-01-11 15:55:03,695 INFO groupCount = 0, subscriberClientCount = 0, subscriberCount = 0

2022-01-11 15:55:13,687 INFO [long-pulling] client count 0

2022-01-11 15:55:13,687 INFO toNotifyTaskSize = 0

2022-01-11 15:55:13,687 INFO toClientNotifyTaskSize = 0

2022-01-11 15:55:13,703 INFO groupCount = 0, subscriberClientCount = 0, subscriberCount = 0

2022-01-11 15:55:23,703 INFO [long-pulling] client count 0

2022-01-11 15:55:23,703 INFO toNotifyTaskSize = 0

2022-01-11 15:55:23,704 INFO toClientNotifyTaskSize = 0

2022-01-11 15:55:23,704 INFO groupCount = 0, subscriberClientCount = 0, subscriberCount = 0

2022-01-11 15:55:33,711 INFO groupCount = 0, subscriberClientCount = 0, subscriberCount = 0

2022-01-11 15:55:33,711 INFO [long-pulling] client count 0

2022-01-11 15:55:33,711 INFO toNotifyTaskSize = 0

2022-01-11 15:55:33,711 INFO toClientNotifyTaskSize = 0

2022-01-11 15:55:43,719 INFO toNotifyTaskSize = 0

2022-01-11 15:55:43,719 INFO toClientNotifyTaskSize = 0

2022-01-11 15:55:43,719 INFO groupCount = 0, subscriberClientCount = 0, subscriberCount = 0

2022-01-11 15:55:43,719 INFO [long-pulling] client count 0

2022-01-11 15:55:53,731 INFO groupCount = 0, subscriberClientCount = 0, subscriberCount = 0

2022-01-11 15:55:53,731 INFO [long-pulling] client count 0

2022-01-11 15:55:53,731 INFO toNotifyTaskSize = 0

2022-01-11 15:55:53,731 INFO toClientNotifyTaskSize = 0

2022-01-11 15:56:03,743 INFO [long-pulling] client count 0

2022-01-11 15:56:03,743 INFO groupCount = 0, subscriberClientCount = 0, subscriberCount = 0

2022-01-11 15:56:03,743 INFO toNotifyTaskSize = 0

2022-01-11 15:56:03,744 INFO toClientNotifyTaskSize = 0

2022-01-11 15:56:13,747 INFO toNotifyTaskSize = 0

2022-01-11 15:56:13,748 INFO toClientNotifyTaskSize = 0

2022-01-11 15:56:13,747 INFO groupCount = 0, subscriberClientCount = 0, subscriberCount = 0

2022-01-11 15:56:13,748 INFO [long-pulling] client count 0

2022-01-11 15:56:23,759 INFO groupCount = 0, subscriberClientCount = 0, subscriberCount = 0

2022-01-11 15:56:23,759 INFO [long-pulling] client count 0

2022-01-11 15:56:23,759 INFO toNotifyTaskSize = 0

2022-01-11 15:56:23,759 INFO toClientNotifyTaskSize = 0

2022-01-11 15:56:33,761 INFO toNotifyTaskSize = 0

2022-01-11 15:56:33,761 INFO toClientNotifyTaskSize = 0

2022-01-11 15:56:33,761 INFO groupCount = 0, subscriberClientCount = 0, subscriberCount = 0

2022-01-11 15:56:33,761 INFO [long-pulling] client count 0

2022-01-11 15:56:43,770 INFO groupCount = 0, subscriberClientCount = 0, subscriberCount = 0

2022-01-11 15:56:43,771 INFO toNotifyTaskSize = 0

2022-01-11 15:56:43,771 INFO [long-pulling] client count 0

2022-01-11 15:56:43,771 INFO toClientNotifyTaskSize = 0

2022-01-11 15:56:53,773 INFO toNotifyTaskSize = 0

2022-01-11 15:56:53,773 INFO [long-pulling] client count 0

2022-01-11 15:56:53,773 INFO groupCount = 0, subscriberClientCount = 0, subscriberCount = 0

2022-01-11 15:56:53,773 INFO toClientNotifyTaskSize = 0

2022-01-11 15:57:03,776 INFO [long-pulling] client count 0

2022-01-11 15:57:03,776 INFO toNotifyTaskSize = 0

2022-01-11 15:57:03,776 INFO toClientNotifyTaskSize = 0

2022-01-11 15:57:03,776 INFO groupCount = 0, subscriberClientCount = 0, subscriberCount = 0

2022-01-11 15:57:13,791 INFO groupCount = 0, subscriberClientCount = 0, subscriberCount = 0

2022-01-11 15:57:13,791 INFO toNotifyTaskSize = 0

2022-01-11 15:57:13,791 INFO [long-pulling] client count 0

2022-01-11 15:57:13,791 INFO toClientNotifyTaskSize = 0

2022-01-11 15:57:23,800 INFO toNotifyTaskSize = 0

2022-01-11 15:57:23,800 INFO [long-pulling] client count 0

2022-01-11 15:57:23,800 INFO groupCount = 0, subscriberClientCount = 0, subscriberCount = 0

2022-01-11 15:57:23,800 INFO toClientNotifyTaskSize = 0

2022-01-11 15:57:33,810 INFO toNotifyTaskSize = 0

2022-01-11 15:57:33,810 INFO [long-pulling] client count 0

2022-01-11 15:57:33,810 INFO toClientNotifyTaskSize = 0

2022-01-11 15:57:33,810 INFO groupCount = 0, subscriberClientCount = 0, subscriberCount = 0

2022-01-11 15:57:43,817 INFO toNotifyTaskSize = 0

2022-01-11 15:57:43,817 INFO groupCount = 0, subscriberClientCount = 0, subscriberCount = 0

2022-01-11 15:57:43,817 INFO [long-pulling] client count 0

2022-01-11 15:57:43,817 INFO toClientNotifyTaskSize = 0

2022-01-11 15:57:53,821 INFO toNotifyTaskSize = 0

2022-01-11 15:57:53,821 INFO groupCount = 0, subscriberClientCount = 0, subscriberCount = 0

2022-01-11 15:57:53,821 INFO toClientNotifyTaskSize = 0

2022-01-11 15:57:53,821 INFO [long-pulling] client count 0

2022-01-11 15:58:03,832 INFO toNotifyTaskSize = 0

2022-01-11 15:58:03,832 INFO toClientNotifyTaskSize = 0

2022-01-11 15:58:03,832 INFO groupCount = 0, subscriberClientCount = 0, subscriberCount = 0

2022-01-11 15:58:03,832 INFO [long-pulling] client count 0

2022-01-11 15:58:13,848 INFO groupCount = 0, subscriberClientCount = 0, subscriberCount = 0

2022-01-11 15:58:13,848 INFO [long-pulling] client count 0

2022-01-11 15:58:13,848 INFO toNotifyTaskSize = 0

2022-01-11 15:58:13,848 INFO toClientNotifyTaskSize = 0

2022-01-11 15:58:23,858 INFO toNotifyTaskSize = 0

2022-01-11 15:58:23,858 INFO [long-pulling] client count 0

2022-01-11 15:58:23,858 INFO toClientNotifyTaskSize = 0

2022-01-11 15:58:23,858 INFO groupCount = 0, subscriberClientCount = 0, subscriberCount = 0

2022-01-11 15:58:33,862 INFO groupCount = 0, subscriberClientCount = 0, subscriberCount = 0

2022-01-11 15:58:33,862 INFO [long-pulling] client count 0

2022-01-11 15:58:33,862 INFO toNotifyTaskSize = 0

2022-01-11 15:58:33,862 INFO toClientNotifyTaskSize = 0

2022-01-11 15:58:43,874 INFO toNotifyTaskSize = 0

2022-01-11 15:58:43,874 INFO toClientNotifyTaskSize = 0

2022-01-11 15:58:43,874 INFO groupCount = 0, subscriberClientCount = 0, subscriberCount = 0

2022-01-11 15:58:43,874 INFO [long-pulling] client count 0

2022-01-11 15:58:53,883 INFO groupCount = 0, subscriberClientCount = 0, subscriberCount = 0

2022-01-11 15:58:53,883 INFO toNotifyTaskSize = 0

2022-01-11 15:58:53,883 INFO toClientNotifyTaskSize = 0

2022-01-11 15:58:53,883 INFO [long-pulling] client count 0

2022-01-11 15:59:03,887 INFO [long-pulling] client count 0

2022-01-11 15:59:03,887 INFO groupCount = 0, subscriberClientCount = 0, subscriberCount = 0

2022-01-11 15:59:03,887 INFO toNotifyTaskSize = 0

2022-01-11 15:59:03,887 INFO toClientNotifyTaskSize = 0

2022-01-11 15:59:13,902 INFO toNotifyTaskSize = 0

2022-01-11 15:59:13,902 INFO groupCount = 0, subscriberClientCount = 0, subscriberCount = 0

2022-01-11 15:59:13,902 INFO [long-pulling] client count 0

2022-01-11 15:59:13,902 INFO toClientNotifyTaskSize = 0

2022-01-11 15:59:23,919 INFO toNotifyTaskSize = 0

2022-01-11 15:59:23,919 INFO [long-pulling] client count 0

2022-01-11 15:59:23,919 INFO groupCount = 0, subscriberClientCount = 0, subscriberCount = 0

2022-01-11 15:59:23,919 INFO toClientNotifyTaskSize = 0

