2022-01-11 15:32:14,711 INFO PERFORMANCE:|serviceCount|ipCount|subscribeCount|maxPushCost|avgPushCost|totalPushCount|failPushCount

2022-01-11 15:32:14,775 INFO PERFORMANCE:|0|0|0|-1|-1|0|0

2022-01-11 15:32:14,776 INFO Task worker status: 
naming_0%4, pending tasks: 0
naming_1%4, pending tasks: 0
naming_2%4, pending tasks: 0
naming_3%4, pending tasks: 0


2022-01-11 15:33:14,779 INFO PERFORMANCE:|0|0|0|-1|-1|0|0

2022-01-11 15:33:14,779 INFO Task worker status: 
naming_0%4, pending tasks: 0
naming_1%4, pending tasks: 0
naming_2%4, pending tasks: 0
naming_3%4, pending tasks: 0


2022-01-11 15:34:14,783 INFO PERFORMANCE:|0|0|0|-1|-1|0|0

2022-01-11 15:34:14,785 INFO Task worker status: 
naming_0%4, pending tasks: 0
naming_1%4, pending tasks: 0
naming_2%4, pending tasks: 0
naming_3%4, pending tasks: 0


2022-01-11 15:35:14,786 INFO PERFORMANCE:|1|1|0|-1|-1|0|0

2022-01-11 15:35:14,786 INFO Task worker status: 
naming_0%4, pending tasks: 0
naming_1%4, pending tasks: 0
naming_2%4, pending tasks: 0
naming_3%4, pending tasks: 0


2022-01-11 15:36:14,789 INFO PERFORMANCE:|1|1|1|944|613|6|0

2022-01-11 15:36:14,789 INFO Task worker status: 
naming_0%4, pending tasks: 0
naming_1%4, pending tasks: 0
naming_2%4, pending tasks: 0
naming_3%4, pending tasks: 0


2022-01-11 15:37:14,801 INFO PERFORMANCE:|1|1|1|586|553|10|0

2022-01-11 15:37:14,801 INFO Task worker status: 
naming_0%4, pending tasks: 0
naming_1%4, pending tasks: 0
naming_2%4, pending tasks: 0
naming_3%4, pending tasks: 0


2022-01-11 15:38:14,809 INFO PERFORMANCE:|1|1|1|573|542|14|0

2022-01-11 15:38:14,809 INFO Task worker status: 
naming_0%4, pending tasks: 0
naming_1%4, pending tasks: 0
naming_2%4, pending tasks: 0
naming_3%4, pending tasks: 0


2022-01-11 15:39:14,812 INFO PERFORMANCE:|1|1|1|545|545|15|0

2022-01-11 15:39:14,812 INFO Task worker status: 
naming_0%4, pending tasks: 0
naming_1%4, pending tasks: 0
naming_2%4, pending tasks: 0
naming_3%4, pending tasks: 0


2022-01-11 15:40:14,842 INFO PERFORMANCE:|1|1|0|-1|-1|15|0

2022-01-11 15:40:14,842 INFO Task worker status: 
naming_0%4, pending tasks: 0
naming_1%4, pending tasks: 0
naming_2%4, pending tasks: 0
naming_3%4, pending tasks: 0


2022-01-11 15:41:14,852 INFO PERFORMANCE:|1|0|0|-1|-1|15|0

2022-01-11 15:41:14,852 INFO Task worker status: 
naming_0%4, pending tasks: 0
naming_1%4, pending tasks: 0
naming_2%4, pending tasks: 0
naming_3%4, pending tasks: 0


2022-01-11 15:42:14,857 INFO PERFORMANCE:|serviceCount|ipCount|subscribeCount|maxPushCost|avgPushCost|totalPushCount|failPushCount

2022-01-11 15:42:14,857 INFO PERFORMANCE:|1|0|0|-1|-1|15|0

2022-01-11 15:42:14,857 INFO Task worker status: 
naming_0%4, pending tasks: 0
naming_1%4, pending tasks: 0
naming_2%4, pending tasks: 0
naming_3%4, pending tasks: 0


2022-01-11 15:43:14,863 INFO PERFORMANCE:|0|0|0|-1|-1|15|0

2022-01-11 15:43:14,864 INFO Task worker status: 
naming_0%4, pending tasks: 0
naming_1%4, pending tasks: 0
naming_2%4, pending tasks: 0
naming_3%4, pending tasks: 0


2022-01-11 15:44:14,876 INFO PERFORMANCE:|0|0|0|-1|-1|15|0

2022-01-11 15:44:14,876 INFO Task worker status: 
naming_0%4, pending tasks: 0
naming_1%4, pending tasks: 0
naming_2%4, pending tasks: 0
naming_3%4, pending tasks: 0


2022-01-11 15:45:14,885 INFO PERFORMANCE:|0|0|0|-1|-1|15|0

2022-01-11 15:45:14,886 INFO Task worker status: 
naming_0%4, pending tasks: 0
naming_1%4, pending tasks: 0
naming_2%4, pending tasks: 0
naming_3%4, pending tasks: 0


2022-01-11 15:46:14,896 INFO PERFORMANCE:|0|0|0|-1|-1|15|0

2022-01-11 15:46:14,897 INFO Task worker status: 
naming_0%4, pending tasks: 0
naming_1%4, pending tasks: 0
naming_2%4, pending tasks: 0
naming_3%4, pending tasks: 0


2022-01-11 15:47:14,905 INFO PERFORMANCE:|0|0|0|-1|-1|15|0

2022-01-11 15:47:14,905 INFO Task worker status: 
naming_0%4, pending tasks: 0
naming_1%4, pending tasks: 0
naming_2%4, pending tasks: 0
naming_3%4, pending tasks: 0


2022-01-11 15:48:14,918 INFO PERFORMANCE:|0|0|0|-1|-1|15|0

2022-01-11 15:48:14,918 INFO Task worker status: 
naming_0%4, pending tasks: 0
naming_1%4, pending tasks: 0
naming_2%4, pending tasks: 0
naming_3%4, pending tasks: 0


2022-01-11 15:49:14,931 INFO PERFORMANCE:|1|1|0|-1|-1|15|0

2022-01-11 15:49:14,931 INFO Task worker status: 
naming_0%4, pending tasks: 0
naming_1%4, pending tasks: 0
naming_2%4, pending tasks: 0
naming_3%4, pending tasks: 0


2022-01-11 15:50:14,944 INFO PERFORMANCE:|1|1|1|2600|790|24|0

2022-01-11 15:50:14,945 INFO Task worker status: 
naming_0%4, pending tasks: 0
naming_1%4, pending tasks: 0
naming_2%4, pending tasks: 0
naming_3%4, pending tasks: 0


2022-01-11 15:51:14,959 INFO PERFORMANCE:|1|1|1|2067|813|30|0

2022-01-11 15:51:14,959 INFO Task worker status: 
naming_0%4, pending tasks: 0
naming_1%4, pending tasks: 0
naming_2%4, pending tasks: 0
naming_3%4, pending tasks: 0


2022-01-11 15:52:14,969 INFO PERFORMANCE:|serviceCount|ipCount|subscribeCount|maxPushCost|avgPushCost|totalPushCount|failPushCount

2022-01-11 15:52:14,969 INFO PERFORMANCE:|1|1|0|2353|1006|34|0

2022-01-11 15:52:14,969 INFO Task worker status: 
naming_0%4, pending tasks: 0
naming_1%4, pending tasks: 0
naming_2%4, pending tasks: 0
naming_3%4, pending tasks: 0


2022-01-11 15:53:14,979 INFO PERFORMANCE:|1|0|0|2174|1098|37|1

2022-01-11 15:53:14,991 INFO Task worker status: 
naming_0%4, pending tasks: 0
naming_1%4, pending tasks: 0
naming_2%4, pending tasks: 0
naming_3%4, pending tasks: 0


2022-01-11 15:54:15,002 INFO PERFORMANCE:|2|2|1|1940|824|43|1

2022-01-11 15:54:15,003 INFO Task worker status: 
naming_0%4, pending tasks: 0
naming_1%4, pending tasks: 0
naming_2%4, pending tasks: 0
naming_3%4, pending tasks: 0


2022-01-11 15:55:15,014 INFO PERFORMANCE:|2|1|1|586|550|50|1

2022-01-11 15:55:15,014 INFO Task worker status: 
naming_0%4, pending tasks: 0
naming_1%4, pending tasks: 0
naming_2%4, pending tasks: 0
naming_3%4, pending tasks: 0


2022-01-11 15:56:15,018 INFO PERFORMANCE:|2|1|0|590|590|51|1

2022-01-11 15:56:15,019 INFO Task worker status: 
naming_0%4, pending tasks: 0
naming_1%4, pending tasks: 0
naming_2%4, pending tasks: 0
naming_3%4, pending tasks: 0


2022-01-11 15:57:15,026 INFO PERFORMANCE:|1|1|0|585|585|52|1

2022-01-11 15:57:15,026 INFO Task worker status: 
naming_0%4, pending tasks: 0
naming_1%4, pending tasks: 0
naming_2%4, pending tasks: 0
naming_3%4, pending tasks: 0


2022-01-11 15:58:15,028 INFO PERFORMANCE:|1|0|0|584|584|53|1

2022-01-11 15:58:15,028 INFO Task worker status: 
naming_0%4, pending tasks: 0
naming_1%4, pending tasks: 0
naming_2%4, pending tasks: 0
naming_3%4, pending tasks: 0


2022-01-11 15:59:15,031 INFO PERFORMANCE:|1|0|0|-1|-1|53|1

2022-01-11 15:59:15,031 INFO Task worker status: 
naming_0%4, pending tasks: 0
naming_1%4, pending tasks: 0
naming_2%4, pending tasks: 0
naming_3%4, pending tasks: 0


