2021-12-31 10:06:29,436 INFO Init loader limit rule from local,rule=

2021-12-31 10:06:29,547 INFO [ClientConnectionEventListenerRegistry] registry listener - ConfigConnectionEventListener

2021-12-31 10:06:29,572 INFO [ClientConnectionEventListenerRegistry] registry listener - RpcAckCallbackInitorOrCleaner

2021-12-31 10:06:29,979 INFO Nacos GrpcSdkServer Rpc server starting at port 9848

2021-12-31 10:06:30,867 INFO Nacos GrpcSdkServer Rpc server started at port 9848

2021-12-31 10:06:30,869 INFO Nacos GrpcClusterServer Rpc server starting at port 9849

2021-12-31 10:06:30,870 INFO Nacos GrpcClusterServer Rpc server started at port 9849

2021-12-31 10:06:30,894 INFO [ClientConnectionEventListenerRegistry] registry listener - ConnectionBasedClientManager

2021-12-31 10:32:19,234 INFO Init loader limit rule from local,rule=

2021-12-31 10:32:19,303 INFO [ClientConnectionEventListenerRegistry] registry listener - ConfigConnectionEventListener

2021-12-31 10:32:19,331 INFO [ClientConnectionEventListenerRegistry] registry listener - RpcAckCallbackInitorOrCleaner

2021-12-31 10:32:19,780 INFO Nacos GrpcSdkServer Rpc server starting at port 9848

2021-12-31 10:32:20,583 INFO Nacos GrpcSdkServer Rpc server started at port 9848

2021-12-31 10:32:20,585 INFO Nacos GrpcClusterServer Rpc server starting at port 9849

2021-12-31 10:32:20,586 INFO Nacos GrpcClusterServer Rpc server started at port 9849

2021-12-31 10:32:20,611 INFO [ClientConnectionEventListenerRegistry] registry listener - ConnectionBasedClientManager

2021-12-31 15:26:29,666 INFO Init loader limit rule from local,rule=

2021-12-31 15:26:29,844 INFO [ClientConnectionEventListenerRegistry] registry listener - ConfigConnectionEventListener

2021-12-31 15:26:29,875 INFO [ClientConnectionEventListenerRegistry] registry listener - RpcAckCallbackInitorOrCleaner

2021-12-31 15:26:30,518 INFO Nacos GrpcSdkServer Rpc server starting at port 9848

2021-12-31 15:26:31,922 INFO Nacos GrpcSdkServer Rpc server started at port 9848

2021-12-31 15:26:31,924 INFO Nacos GrpcClusterServer Rpc server starting at port 9849

2021-12-31 15:26:31,926 INFO Nacos GrpcClusterServer Rpc server started at port 9849

2021-12-31 15:26:31,949 INFO [ClientConnectionEventListenerRegistry] registry listener - ConnectionBasedClientManager

