2021-12-31 10:06:29,542 INFO Register tps control,pointName=CONFIG_PUSH_COUNT, point=com.alibaba.nacos.core.remote.control.TpsMonitorPoint@1cb19dba 

2021-12-31 10:06:29,544 INFO Load rule from local,pointName=CONFIG_PUSH_COUNT, ruleContent= 

2021-12-31 10:06:29,545 INFO Apply tps control rule parse start,pointName=[CONFIG_PUSH_COUNT]  

2021-12-31 10:06:29,545 INFO Clear point  control rule ,pointName=[CONFIG_PUSH_COUNT]  

2021-12-31 10:06:29,545 INFO Clear point  control rule for monitorKeys, pointName=[CONFIG_PUSH_COUNT]  

2021-12-31 10:06:29,545 INFO Register tps control,pointName=CONFIG_PUSH_SUCCESS, point=com.alibaba.nacos.core.remote.control.TpsMonitorPoint@7c3ebc6b 

2021-12-31 10:06:29,545 INFO Load rule from local,pointName=CONFIG_PUSH_SUCCESS, ruleContent= 

2021-12-31 10:06:29,545 INFO Apply tps control rule parse start,pointName=[CONFIG_PUSH_SUCCESS]  

2021-12-31 10:06:29,545 INFO Clear point  control rule ,pointName=[CONFIG_PUSH_SUCCESS]  

2021-12-31 10:06:29,546 INFO Clear point  control rule for monitorKeys, pointName=[CONFIG_PUSH_SUCCESS]  

2021-12-31 10:06:29,546 INFO Register tps control,pointName=CONFIG_PUSH_FAIL, point=com.alibaba.nacos.core.remote.control.TpsMonitorPoint@1931d99 

2021-12-31 10:06:29,546 INFO Load rule from local,pointName=CONFIG_PUSH_FAIL, ruleContent= 

2021-12-31 10:06:29,546 INFO Apply tps control rule parse start,pointName=[CONFIG_PUSH_FAIL]  

2021-12-31 10:06:29,546 INFO Clear point  control rule ,pointName=[CONFIG_PUSH_FAIL]  

2021-12-31 10:06:29,546 INFO Clear point  control rule for monitorKeys, pointName=[CONFIG_PUSH_FAIL]  

2021-12-31 10:06:36,829 INFO Register tps control,pointName=ConfigQuery, point=com.alibaba.nacos.core.remote.control.TpsMonitorPoint@3936df72 

2021-12-31 10:06:36,829 INFO Load rule from local,pointName=ConfigQuery, ruleContent= 

2021-12-31 10:06:36,829 INFO Apply tps control rule parse start,pointName=[ConfigQuery]  

2021-12-31 10:06:36,829 INFO Clear point  control rule ,pointName=[ConfigQuery]  

2021-12-31 10:06:36,829 INFO Clear point  control rule for monitorKeys, pointName=[ConfigQuery]  

2021-12-31 10:06:36,829 INFO Register tps control,pointName=ClusterConfigChangeNotify, point=com.alibaba.nacos.core.remote.control.TpsMonitorPoint@e8e0dec 

2021-12-31 10:06:36,830 INFO Load rule from local,pointName=ClusterConfigChangeNotify, ruleContent= 

2021-12-31 10:06:36,830 INFO Apply tps control rule parse start,pointName=[ClusterConfigChangeNotify]  

2021-12-31 10:06:36,830 INFO Clear point  control rule ,pointName=[ClusterConfigChangeNotify]  

2021-12-31 10:06:36,830 INFO Clear point  control rule for monitorKeys, pointName=[ClusterConfigChangeNotify]  

2021-12-31 10:06:36,830 INFO Register tps control,pointName=ConfigListen, point=com.alibaba.nacos.core.remote.control.TpsMonitorPoint@12d1f1d4 

2021-12-31 10:06:36,830 INFO Load rule from local,pointName=ConfigListen, ruleContent= 

2021-12-31 10:06:36,830 INFO Apply tps control rule parse start,pointName=[ConfigListen]  

2021-12-31 10:06:36,830 INFO Clear point  control rule ,pointName=[ConfigListen]  

2021-12-31 10:06:36,831 INFO Clear point  control rule for monitorKeys, pointName=[ConfigListen]  

2021-12-31 10:06:36,831 INFO Register tps control,pointName=ConfigRemove, point=com.alibaba.nacos.core.remote.control.TpsMonitorPoint@75fa1be3 

2021-12-31 10:06:36,831 INFO Load rule from local,pointName=ConfigRemove, ruleContent= 

2021-12-31 10:06:36,831 INFO Apply tps control rule parse start,pointName=[ConfigRemove]  

2021-12-31 10:06:36,832 INFO Clear point  control rule ,pointName=[ConfigRemove]  

2021-12-31 10:06:36,832 INFO Clear point  control rule for monitorKeys, pointName=[ConfigRemove]  

2021-12-31 10:06:36,832 INFO Register tps control,pointName=ConfigPublish, point=com.alibaba.nacos.core.remote.control.TpsMonitorPoint@7a389761 

2021-12-31 10:06:36,832 INFO Load rule from local,pointName=ConfigPublish, ruleContent= 

2021-12-31 10:06:36,832 INFO Apply tps control rule parse start,pointName=[ConfigPublish]  

2021-12-31 10:06:36,832 INFO Clear point  control rule ,pointName=[ConfigPublish]  

2021-12-31 10:06:36,832 INFO Clear point  control rule for monitorKeys, pointName=[ConfigPublish]  

2021-12-31 10:06:36,832 INFO Register tps control,pointName=HealthCheck, point=com.alibaba.nacos.core.remote.control.TpsMonitorPoint@42714a7 

2021-12-31 10:06:36,832 INFO Load rule from local,pointName=HealthCheck, ruleContent= 

2021-12-31 10:06:36,833 INFO Apply tps control rule parse start,pointName=[HealthCheck]  

2021-12-31 10:06:36,833 INFO Clear point  control rule ,pointName=[HealthCheck]  

2021-12-31 10:06:36,833 INFO Clear point  control rule for monitorKeys, pointName=[HealthCheck]  

2021-12-31 10:32:19,299 INFO Register tps control,pointName=CONFIG_PUSH_COUNT, point=com.alibaba.nacos.core.remote.control.TpsMonitorPoint@7c3ebc6b 

2021-12-31 10:32:19,300 INFO Load rule from local,pointName=CONFIG_PUSH_COUNT, ruleContent= 

2021-12-31 10:32:19,300 INFO Apply tps control rule parse start,pointName=[CONFIG_PUSH_COUNT]  

2021-12-31 10:32:19,300 INFO Clear point  control rule ,pointName=[CONFIG_PUSH_COUNT]  

2021-12-31 10:32:19,301 INFO Clear point  control rule for monitorKeys, pointName=[CONFIG_PUSH_COUNT]  

2021-12-31 10:32:19,301 INFO Register tps control,pointName=CONFIG_PUSH_SUCCESS, point=com.alibaba.nacos.core.remote.control.TpsMonitorPoint@1931d99 

2021-12-31 10:32:19,301 INFO Load rule from local,pointName=CONFIG_PUSH_SUCCESS, ruleContent= 

2021-12-31 10:32:19,301 INFO Apply tps control rule parse start,pointName=[CONFIG_PUSH_SUCCESS]  

2021-12-31 10:32:19,301 INFO Clear point  control rule ,pointName=[CONFIG_PUSH_SUCCESS]  

2021-12-31 10:32:19,301 INFO Clear point  control rule for monitorKeys, pointName=[CONFIG_PUSH_SUCCESS]  

2021-12-31 10:32:19,301 INFO Register tps control,pointName=CONFIG_PUSH_FAIL, point=com.alibaba.nacos.core.remote.control.TpsMonitorPoint@6a9950f1 

2021-12-31 10:32:19,301 INFO Load rule from local,pointName=CONFIG_PUSH_FAIL, ruleContent= 

2021-12-31 10:32:19,301 INFO Apply tps control rule parse start,pointName=[CONFIG_PUSH_FAIL]  

2021-12-31 10:32:19,301 INFO Clear point  control rule ,pointName=[CONFIG_PUSH_FAIL]  

2021-12-31 10:32:19,301 INFO Clear point  control rule for monitorKeys, pointName=[CONFIG_PUSH_FAIL]  

2021-12-31 10:32:25,874 INFO Register tps control,pointName=ConfigQuery, point=com.alibaba.nacos.core.remote.control.TpsMonitorPoint@75fa1be3 

2021-12-31 10:32:25,874 INFO Load rule from local,pointName=ConfigQuery, ruleContent= 

2021-12-31 10:32:25,874 INFO Apply tps control rule parse start,pointName=[ConfigQuery]  

2021-12-31 10:32:25,874 INFO Clear point  control rule ,pointName=[ConfigQuery]  

2021-12-31 10:32:25,874 INFO Clear point  control rule for monitorKeys, pointName=[ConfigQuery]  

2021-12-31 10:32:25,874 INFO Register tps control,pointName=ClusterConfigChangeNotify, point=com.alibaba.nacos.core.remote.control.TpsMonitorPoint@7a389761 

2021-12-31 10:32:25,874 INFO Load rule from local,pointName=ClusterConfigChangeNotify, ruleContent= 

2021-12-31 10:32:25,874 INFO Apply tps control rule parse start,pointName=[ClusterConfigChangeNotify]  

2021-12-31 10:32:25,874 INFO Clear point  control rule ,pointName=[ClusterConfigChangeNotify]  

2021-12-31 10:32:25,874 INFO Clear point  control rule for monitorKeys, pointName=[ClusterConfigChangeNotify]  

2021-12-31 10:32:25,874 INFO Register tps control,pointName=ConfigListen, point=com.alibaba.nacos.core.remote.control.TpsMonitorPoint@42714a7 

2021-12-31 10:32:25,875 INFO Load rule from local,pointName=ConfigListen, ruleContent= 

2021-12-31 10:32:25,875 INFO Apply tps control rule parse start,pointName=[ConfigListen]  

2021-12-31 10:32:25,875 INFO Clear point  control rule ,pointName=[ConfigListen]  

2021-12-31 10:32:25,875 INFO Clear point  control rule for monitorKeys, pointName=[ConfigListen]  

2021-12-31 10:32:25,875 INFO Register tps control,pointName=ConfigRemove, point=com.alibaba.nacos.core.remote.control.TpsMonitorPoint@19650aa6 

2021-12-31 10:32:25,875 INFO Load rule from local,pointName=ConfigRemove, ruleContent= 

2021-12-31 10:32:25,875 INFO Apply tps control rule parse start,pointName=[ConfigRemove]  

2021-12-31 10:32:25,875 INFO Clear point  control rule ,pointName=[ConfigRemove]  

2021-12-31 10:32:25,875 INFO Clear point  control rule for monitorKeys, pointName=[ConfigRemove]  

2021-12-31 10:32:25,875 INFO Register tps control,pointName=ConfigPublish, point=com.alibaba.nacos.core.remote.control.TpsMonitorPoint@3ce53f6a 

2021-12-31 10:32:25,875 INFO Load rule from local,pointName=ConfigPublish, ruleContent= 

2021-12-31 10:32:25,875 INFO Apply tps control rule parse start,pointName=[ConfigPublish]  

2021-12-31 10:32:25,875 INFO Clear point  control rule ,pointName=[ConfigPublish]  

2021-12-31 10:32:25,875 INFO Clear point  control rule for monitorKeys, pointName=[ConfigPublish]  

2021-12-31 10:32:25,875 INFO Register tps control,pointName=HealthCheck, point=com.alibaba.nacos.core.remote.control.TpsMonitorPoint@2d82408 

2021-12-31 10:32:25,875 INFO Load rule from local,pointName=HealthCheck, ruleContent= 

2021-12-31 10:32:25,875 INFO Apply tps control rule parse start,pointName=[HealthCheck]  

2021-12-31 10:32:25,875 INFO Clear point  control rule ,pointName=[HealthCheck]  

2021-12-31 10:32:25,876 INFO Clear point  control rule for monitorKeys, pointName=[HealthCheck]  

2021-12-31 15:26:29,773 INFO Register tps control,pointName=CONFIG_PUSH_COUNT, point=com.alibaba.nacos.core.remote.control.TpsMonitorPoint@7c3ebc6b 

2021-12-31 15:26:29,789 INFO Load rule from local,pointName=CONFIG_PUSH_COUNT, ruleContent= 

2021-12-31 15:26:29,789 INFO Apply tps control rule parse start,pointName=[CONFIG_PUSH_COUNT]  

2021-12-31 15:26:29,789 INFO Clear point  control rule ,pointName=[CONFIG_PUSH_COUNT]  

2021-12-31 15:26:29,789 INFO Clear point  control rule for monitorKeys, pointName=[CONFIG_PUSH_COUNT]  

2021-12-31 15:26:29,789 INFO Register tps control,pointName=CONFIG_PUSH_SUCCESS, point=com.alibaba.nacos.core.remote.control.TpsMonitorPoint@1931d99 

2021-12-31 15:26:29,789 INFO Load rule from local,pointName=CONFIG_PUSH_SUCCESS, ruleContent= 

2021-12-31 15:26:29,789 INFO Apply tps control rule parse start,pointName=[CONFIG_PUSH_SUCCESS]  

2021-12-31 15:26:29,789 INFO Clear point  control rule ,pointName=[CONFIG_PUSH_SUCCESS]  

2021-12-31 15:26:29,789 INFO Clear point  control rule for monitorKeys, pointName=[CONFIG_PUSH_SUCCESS]  

2021-12-31 15:26:29,789 INFO Register tps control,pointName=CONFIG_PUSH_FAIL, point=com.alibaba.nacos.core.remote.control.TpsMonitorPoint@6a9950f1 

2021-12-31 15:26:29,841 INFO Load rule from local,pointName=CONFIG_PUSH_FAIL, ruleContent= 

2021-12-31 15:26:29,841 INFO Apply tps control rule parse start,pointName=[CONFIG_PUSH_FAIL]  

2021-12-31 15:26:29,841 INFO Clear point  control rule ,pointName=[CONFIG_PUSH_FAIL]  

2021-12-31 15:26:29,841 INFO Clear point  control rule for monitorKeys, pointName=[CONFIG_PUSH_FAIL]  

2021-12-31 15:26:37,801 INFO Register tps control,pointName=ConfigQuery, point=com.alibaba.nacos.core.remote.control.TpsMonitorPoint@62573c86 

2021-12-31 15:26:37,802 INFO Load rule from local,pointName=ConfigQuery, ruleContent= 

2021-12-31 15:26:37,802 INFO Apply tps control rule parse start,pointName=[ConfigQuery]  

2021-12-31 15:26:37,802 INFO Clear point  control rule ,pointName=[ConfigQuery]  

2021-12-31 15:26:37,802 INFO Clear point  control rule for monitorKeys, pointName=[ConfigQuery]  

2021-12-31 15:26:37,804 INFO Register tps control,pointName=ClusterConfigChangeNotify, point=com.alibaba.nacos.core.remote.control.TpsMonitorPoint@2418ba04 

2021-12-31 15:26:37,804 INFO Load rule from local,pointName=ClusterConfigChangeNotify, ruleContent= 

2021-12-31 15:26:37,804 INFO Apply tps control rule parse start,pointName=[ClusterConfigChangeNotify]  

2021-12-31 15:26:37,804 INFO Clear point  control rule ,pointName=[ClusterConfigChangeNotify]  

2021-12-31 15:26:37,804 INFO Clear point  control rule for monitorKeys, pointName=[ClusterConfigChangeNotify]  

2021-12-31 15:26:37,804 INFO Register tps control,pointName=ConfigListen, point=com.alibaba.nacos.core.remote.control.TpsMonitorPoint@14229fa7 

2021-12-31 15:26:37,805 INFO Load rule from local,pointName=ConfigListen, ruleContent= 

2021-12-31 15:26:37,805 INFO Apply tps control rule parse start,pointName=[ConfigListen]  

2021-12-31 15:26:37,805 INFO Clear point  control rule ,pointName=[ConfigListen]  

2021-12-31 15:26:37,805 INFO Clear point  control rule for monitorKeys, pointName=[ConfigListen]  

2021-12-31 15:26:37,805 INFO Register tps control,pointName=ConfigRemove, point=com.alibaba.nacos.core.remote.control.TpsMonitorPoint@2ab0702e 

2021-12-31 15:26:37,805 INFO Load rule from local,pointName=ConfigRemove, ruleContent= 

2021-12-31 15:26:37,805 INFO Apply tps control rule parse start,pointName=[ConfigRemove]  

2021-12-31 15:26:37,805 INFO Clear point  control rule ,pointName=[ConfigRemove]  

2021-12-31 15:26:37,805 INFO Clear point  control rule for monitorKeys, pointName=[ConfigRemove]  

2021-12-31 15:26:37,805 INFO Register tps control,pointName=ConfigPublish, point=com.alibaba.nacos.core.remote.control.TpsMonitorPoint@7158daf2 

2021-12-31 15:26:37,826 INFO Load rule from local,pointName=ConfigPublish, ruleContent= 

2021-12-31 15:26:37,826 INFO Apply tps control rule parse start,pointName=[ConfigPublish]  

2021-12-31 15:26:37,826 INFO Clear point  control rule ,pointName=[ConfigPublish]  

2021-12-31 15:26:37,826 INFO Clear point  control rule for monitorKeys, pointName=[ConfigPublish]  

2021-12-31 15:26:37,827 INFO Register tps control,pointName=HealthCheck, point=com.alibaba.nacos.core.remote.control.TpsMonitorPoint@10f19647 

2021-12-31 15:26:37,827 INFO Load rule from local,pointName=HealthCheck, ruleContent= 

2021-12-31 15:26:37,827 INFO Apply tps control rule parse start,pointName=[HealthCheck]  

2021-12-31 15:26:37,827 INFO Clear point  control rule ,pointName=[HealthCheck]  

2021-12-31 15:26:37,827 INFO Clear point  control rule for monitorKeys, pointName=[HealthCheck]  

